mode: set
emailn/domains/validator.go:9.44,14.16 3 0
emailn/domains/validator.go:14.16,16.3 1 0
emailn/domains/validator.go:18.2,22.29 3 0
emailn/domains/validator.go:23.18,24.36 1 0
emailn/domains/validator.go:25.15,26.35 1 0
emailn/domains/validator.go:27.13,28.38 1 0
emailn/domains/validator.go:29.13,30.38 1 0
emailn/domains/validator.go:33.2,33.12 1 0
emailn/domains/validator.go:9.44,14.16 3 1
emailn/domains/validator.go:14.16,16.3 1 1
emailn/domains/validator.go:18.2,22.29 3 1
emailn/domains/validator.go:23.18,24.36 1 1
emailn/domains/validator.go:25.15,26.35 1 1
emailn/domains/validator.go:27.13,28.38 1 1
emailn/domains/validator.go:29.13,30.38 1 1
emailn/domains/validator.go:33.2,33.12 1 0
emailn/domains/campaign/campaign.go:23.76,27.31 2 1
emailn/domains/campaign/campaign.go:27.31,29.3 1 1
emailn/domains/campaign/campaign.go:31.2,41.16 3 1
emailn/domains/campaign/campaign.go:41.16,43.3 1 1
emailn/domains/campaign/campaign.go:45.2,45.22 1 1
emailn/domains/campaign/service.go:9.43,11.2 1 1
emailn/domains/campaign/service.go:13.80,16.16 2 1
emailn/domains/campaign/service.go:16.16,18.3 1 1
emailn/domains/campaign/service.go:20.2,22.16 2 1
emailn/domains/campaign/service.go:22.16,24.3 1 1
emailn/domains/campaign/service.go:26.2,26.22 1 1
